<?xml version="1.0" encoding="UTF-8"?>
<testng-results skipped="0" failed="0" ignored="0" total="1" passed="1">
  <reporter-output>
  </reporter-output>
  <suite name="Default suite" duration-ms="9262" started-at="2020-06-08T09:42:29Z" finished-at="2020-06-08T09:42:38Z">
    <groups>
    </groups>
    <test name="Default test" duration-ms="9262" started-at="2020-06-08T09:42:29Z" finished-at="2020-06-08T09:42:38Z">
      <class name="Loginpage.testCases.TC_Login_001">
        <test-method status="PASS" signature="setup()[pri:0, instance:Loginpage.testCases.TC_Login_001@7d9d1a19]" name="setup" is-config="true" duration-ms="4961" started-at="2020-06-08T09:42:29Z" finished-at="2020-06-08T09:42:34Z">
          <reporter-output>
          </reporter-output>
        </test-method> <!-- setup -->
        <test-method status="PASS" signature="LoginTest()[pri:1, instance:Loginpage.testCases.TC_Login_001@7d9d1a19]" name="LoginTest" duration-ms="4270" started-at="2020-06-08T09:42:34Z" finished-at="2020-06-08T09:42:38Z">
          <reporter-output>
          </reporter-output>
        </test-method> <!-- LoginTest -->
      </class> <!-- Loginpage.testCases.TC_Login_001 -->
    </test> <!-- Default test -->
  </suite> <!-- Default suite -->
</testng-results>
